2023-11-15 10:33:40,690 ERROR: Exception on /edit_profile [POST] [in C:\Users\Matisse\Desktop\Testata Giornalistica\venv\Lib\site-packages\flask\app.py:825] 
Traceback (most recent call last):
  File "C:\Users\Matisse\Desktop\Testata Giornalistica\venv\Lib\site-packages\flask\app.py", line 1455, in wsgi_app
    response = self.full_dispatch_request()
               ^^^^^^^^^^^^^^^^^^^^^^^^^^^^
  File "C:\Users\Matisse\Desktop\Testata Giornalistica\venv\Lib\site-packages\flask\app.py", line 869, in full_dispatch_request
    rv = self.handle_user_exception(e)
         ^^^^^^^^^^^^^^^^^^^^^^^^^^^^^
  File "C:\Users\Matisse\Desktop\Testata Giornalistica\venv\Lib\site-packages\flask\app.py", line 867, in full_dispatch_request
    rv = self.dispatch_request()
         ^^^^^^^^^^^^^^^^^^^^^^^
  File "C:\Users\Matisse\Desktop\Testata Giornalistica\venv\Lib\site-packages\flask\app.py", line 852, in dispatch_request
    return self.ensure_sync(self.view_functions[rule.endpoint])(**view_args)
           ^^^^^^^^^^^^^^^^^^^^^^^^^^^^^^^^^^^^^^^^^^^^^^^^^^^^^^^^^^^^^^^^^
  File "C:\Users\Matisse\Desktop\Testata Giornalistica\venv\Lib\site-packages\flask_login\utils.py", line 290, in decorated_view
    return current_app.ensure_sync(func)(*args, **kwargs)
           ^^^^^^^^^^^^^^^^^^^^^^^^^^^^^^^^^^^^^^^^^^^^^^
  File "C:\Users\Matisse\Desktop\Testata Giornalistica\app\routes.py", line 183, in edit_profile
    send_edited_profile_summary_email(user)
  File "C:\Users\Matisse\Desktop\Testata Giornalistica\app\email.py", line 50, in send_edited_profile_summary_email
    recipients=[user.email],
                ^^^^^^^^^^
AttributeError: 'function' object has no attribute 'email'
2023-11-15 10:34:44,610 INFO: Newspaper startup [in C:\Users\Matisse\Desktop\Testata Giornalistica\app\__init__.py:31] 
2023-11-15 10:43:24,075 INFO: Newspaper startup [in C:\Users\Matisse\Desktop\Testata Giornalistica\app\__init__.py:31] 
